app/build/intermediates/manifest_merge_blame_file/debug/manifest-merger-blame-debug-report.txt
1<?xml version="1.0" encoding="utf-8"?>
2<manifest xmlns:android="http://schemas.android.com/apk/res/android"
3    package="com.awak.wekare"
4    android:versionCode="1"
5    android:versionName="1.0" >
6
7    <uses-sdk
8        android:minSdkVersion="19"
8-->src\main\AndroidManifest.xml
9        android:targetSdkVersion="29" />
9-->src\main\AndroidManifest.xml
10
11    <uses-permission android:name="android.permission.ACCESS_NETWORK_STATE" />
11-->src\main\AndroidManifest.xml:6:3-77
11-->src\main\AndroidManifest.xml:6:20-74
12    <uses-permission android:name="android.permission.INTERNET" />
12-->src\main\AndroidManifest.xml:7:3-65
12-->src\main\AndroidManifest.xml:7:20-62
13    <uses-permission android:name="android.permission.CAMERA" />
13-->src\main\AndroidManifest.xml:8:3-63
13-->src\main\AndroidManifest.xml:8:20-60
14    <uses-permission android:name="android.permission.CALL_PHONE" />
14-->src\main\AndroidManifest.xml:9:3-66
14-->src\main\AndroidManifest.xml:9:20-64
15    <uses-permission android:name="android.permission.READ_EXTERNAL_STORAGE" />
15-->src\main\AndroidManifest.xml:10:3-13:46
15-->src\main\AndroidManifest.xml:11:7-62
16    <uses-permission android:name="android.permission.WRITE_EXTERNAL_STORAGE" />
16-->src\main\AndroidManifest.xml:14:3-17:46
16-->src\main\AndroidManifest.xml:15:7-63
17    <uses-permission android:name="android.permission.WAKE_LOCK" />
17-->src\main\AndroidManifest.xml:19:3-66
17-->src\main\AndroidManifest.xml:19:20-63
18    <uses-permission android:name="android.permission.SET_ALARM" />
18-->src\main\AndroidManifest.xml:20:3-66
18-->src\main\AndroidManifest.xml:20:20-63
19    <uses-permission android:name="android.permission.FOREGROUND_SERVICE" />
19-->src\main\AndroidManifest.xml:23:3-75
19-->src\main\AndroidManifest.xml:23:20-72
20
21    <!-- Required by older versions of Google Play services to create IID tokens -->
22    <uses-permission android:name="com.google.android.c2dm.permission.RECEIVE" />
22-->[com.google.firebase:firebase-iid:20.1.2] AndroidManifest.xml:26:5-82
22-->[com.google.firebase:firebase-iid:20.1.2] AndroidManifest.xml:26:22-79
23    <uses-permission android:name="com.google.android.finsky.permission.BIND_GET_INSTALL_REFERRER_SERVICE" />
23-->[com.google.android.gms:play-services-measurement:17.2.3] AndroidManifest.xml:26:5-110
23-->[com.google.android.gms:play-services-measurement:17.2.3] AndroidManifest.xml:26:22-107
24
25    <application
25-->src\main\AndroidManifest.xml:25:3-59:17
26        android:name="com.awak.wekare.WeKareApplication"
26-->src\main\AndroidManifest.xml:26:7-40
27        android:allowBackup="false"
27-->src\main\AndroidManifest.xml:27:7-34
28        android:appComponentFactory="androidx.core.app.CoreComponentFactory"
28-->[androidx.core:core:1.3.0] AndroidManifest.xml:24:18-86
29        android:debuggable="true"
30        android:icon="@mipmap/ic_launcher"
30-->src\main\AndroidManifest.xml:28:7-41
31        android:label="@string/app_name"
31-->src\main\AndroidManifest.xml:29:7-39
32        android:roundIcon="@mipmap/ic_launcher_round"
32-->src\main\AndroidManifest.xml:30:7-52
33        android:supportsRtl="true"
33-->src\main\AndroidManifest.xml:31:7-33
34        android:testOnly="true"
35        android:theme="@style/AppTheme" >
35-->src\main\AndroidManifest.xml:32:7-38
36
37        <!-- Main Activity -->
38        <activity
38-->src\main\AndroidManifest.xml:36:5-43:16
39            android:name="com.awak.wekare.MainActivity"
39-->src\main\AndroidManifest.xml:37:9-37
40            android:theme="@style/SplashTheme" >
40-->src\main\AndroidManifest.xml:38:9-43
41            <intent-filter>
41-->src\main\AndroidManifest.xml:39:7-42:23
42                <action android:name="android.intent.action.MAIN" />
42-->src\main\AndroidManifest.xml:40:9-61
42-->src\main\AndroidManifest.xml:40:17-58
43
44                <category android:name="android.intent.category.LAUNCHER" />
44-->src\main\AndroidManifest.xml:41:9-69
44-->src\main\AndroidManifest.xml:41:19-66
45            </intent-filter>
46        </activity>
47
48        <service
48-->src\main\AndroidManifest.xml:45:5-51:15
49            android:name="com.awak.wekare.MyFirebaseMessagingService"
49-->src\main\AndroidManifest.xml:46:7-49
50            android:exported="false" >
50-->src\main\AndroidManifest.xml:47:7-31
51            <intent-filter>
51-->src\main\AndroidManifest.xml:48:7-50:23
52                <action android:name="com.google.firebase.MESSAGING_EVENT" />
52-->src\main\AndroidManifest.xml:49:9-70
52-->src\main\AndroidManifest.xml:49:17-67
53            </intent-filter>
54        </service>
55        <service
55-->src\main\AndroidManifest.xml:53:5-57:52
56            android:name="com.awak.wekare.Service.MedTimerService"
56-->src\main\AndroidManifest.xml:54:9-48
57            android:enabled="true"
57-->src\main\AndroidManifest.xml:55:9-31
58            android:exported="false"
58-->src\main\AndroidManifest.xml:56:9-33
59            android:foregroundServiceType="dataSync" />
59-->src\main\AndroidManifest.xml:57:9-49
60
61        <activity
61-->[com.clevertap.android:clevertap-android-sdk:4.1.0] AndroidManifest.xml:12:9-15:75
62            android:name="com.clevertap.android.sdk.InAppNotificationActivity"
62-->[com.clevertap.android:clevertap-android-sdk:4.1.0] AndroidManifest.xml:13:13-79
63            android:configChanges="keyboardHidden"
63-->[com.clevertap.android:clevertap-android-sdk:4.1.0] AndroidManifest.xml:14:13-51
64            android:theme="@android:style/Theme.Translucent.NoTitleBar" />
64-->[com.clevertap.android:clevertap-android-sdk:4.1.0] AndroidManifest.xml:15:13-72
65        <activity
65-->[com.clevertap.android:clevertap-android-sdk:4.1.0] AndroidManifest.xml:16:9-19:77
66            android:name="com.clevertap.android.sdk.inbox.CTInboxActivity"
66-->[com.clevertap.android:clevertap-android-sdk:4.1.0] AndroidManifest.xml:17:13-75
67            android:configChanges="keyboardHidden"
67-->[com.clevertap.android:clevertap-android-sdk:4.1.0] AndroidManifest.xml:18:13-51
68            android:theme="@style/Theme.AppCompat.DayNight.DarkActionBar" />
68-->[com.clevertap.android:clevertap-android-sdk:4.1.0] AndroidManifest.xml:19:13-74
69
70        <receiver
70-->[com.clevertap.android:clevertap-android-sdk:4.1.0] AndroidManifest.xml:21:9-24:40
71            android:name="com.clevertap.android.sdk.pushnotification.CTPushNotificationReceiver"
71-->[com.clevertap.android:clevertap-android-sdk:4.1.0] AndroidManifest.xml:22:13-97
72            android:enabled="true"
72-->[com.clevertap.android:clevertap-android-sdk:4.1.0] AndroidManifest.xml:23:13-35
73            android:exported="false" />
73-->[com.clevertap.android:clevertap-android-sdk:4.1.0] AndroidManifest.xml:24:13-37
74
75        <service
75-->[com.clevertap.android:clevertap-android-sdk:4.1.0] AndroidManifest.xml:26:9-33:19
76            android:name="com.clevertap.android.sdk.pushnotification.amp.CTBackgroundIntentService"
76-->[com.clevertap.android:clevertap-android-sdk:4.1.0] AndroidManifest.xml:27:13-100
77            android:exported="false"
77-->[com.clevertap.android:clevertap-android-sdk:4.1.0] AndroidManifest.xml:28:13-37
78            android:permission="android.permission.BIND_JOB_SERVICE" >
78-->[com.clevertap.android:clevertap-android-sdk:4.1.0] AndroidManifest.xml:29:13-69
79            <intent-filter>
79-->[com.clevertap.android:clevertap-android-sdk:4.1.0] AndroidManifest.xml:30:13-32:29
80                <action android:name="com.clevertap.BG_EVENT" />
80-->[com.clevertap.android:clevertap-android-sdk:4.1.0] AndroidManifest.xml:31:17-65
80-->[com.clevertap.android:clevertap-android-sdk:4.1.0] AndroidManifest.xml:31:25-62
81            </intent-filter>
82        </service>
83        <service
83-->[com.clevertap.android:clevertap-android-sdk:4.1.0] AndroidManifest.xml:34:9-37:72
84            android:name="com.clevertap.android.sdk.pushnotification.amp.CTBackgroundJobService"
84-->[com.clevertap.android:clevertap-android-sdk:4.1.0] AndroidManifest.xml:35:13-97
85            android:exported="false"
85-->[com.clevertap.android:clevertap-android-sdk:4.1.0] AndroidManifest.xml:36:13-37
86            android:permission="android.permission.BIND_JOB_SERVICE" />
86-->[com.clevertap.android:clevertap-android-sdk:4.1.0] AndroidManifest.xml:37:13-69
87        <!--
88             FirebaseMessagingService performs security checks at runtime,
89             but set to not exported to explicitly avoid allowing another app to call it.
90        -->
91        <service
91-->[com.google.firebase:firebase-messaging:20.1.3] AndroidManifest.xml:28:9-34:19
92            android:name="com.google.firebase.messaging.FirebaseMessagingService"
92-->[com.google.firebase:firebase-messaging:20.1.3] AndroidManifest.xml:29:13-82
93            android:exported="false" >
93-->[com.google.firebase:firebase-messaging:20.1.3] AndroidManifest.xml:30:13-37
94            <intent-filter android:priority="-500" >
94-->src\main\AndroidManifest.xml:48:7-50:23
95                <action android:name="com.google.firebase.MESSAGING_EVENT" />
95-->src\main\AndroidManifest.xml:49:9-70
95-->src\main\AndroidManifest.xml:49:17-67
96            </intent-filter>
97        </service>
98        <service
98-->[com.google.firebase:firebase-messaging:20.1.3] AndroidManifest.xml:35:9-41:19
99            android:name="com.google.firebase.components.ComponentDiscoveryService"
99-->[com.google.firebase:firebase-messaging:20.1.3] AndroidManifest.xml:36:13-84
100            android:directBootAware="true"
100-->[com.google.firebase:firebase-common:19.3.0] AndroidManifest.xml:34:13-43
101            android:exported="false" >
101-->[com.google.firebase:firebase-messaging:20.1.3] AndroidManifest.xml:37:13-37
102            <meta-data
102-->[com.google.firebase:firebase-messaging:20.1.3] AndroidManifest.xml:38:13-40:85
103                android:name="com.google.firebase.components:com.google.firebase.messaging.FirebaseMessagingRegistrar"
103-->[com.google.firebase:firebase-messaging:20.1.3] AndroidManifest.xml:39:17-119
104                android:value="com.google.firebase.components.ComponentRegistrar" />
104-->[com.google.firebase:firebase-messaging:20.1.3] AndroidManifest.xml:40:17-82
105            <meta-data
105-->[com.google.firebase:firebase-datatransport:17.0.3] AndroidManifest.xml:28:13-30:85
106                android:name="com.google.firebase.components:com.google.firebase.datatransport.TransportRegistrar"
106-->[com.google.firebase:firebase-datatransport:17.0.3] AndroidManifest.xml:29:17-115
107                android:value="com.google.firebase.components.ComponentRegistrar" />
107-->[com.google.firebase:firebase-datatransport:17.0.3] AndroidManifest.xml:30:17-82
108            <meta-data
108-->[com.google.android.gms:play-services-measurement-api:17.2.3] AndroidManifest.xml:30:13-32:85
109                android:name="com.google.firebase.components:com.google.firebase.analytics.connector.internal.AnalyticsConnectorRegistrar"
109-->[com.google.android.gms:play-services-measurement-api:17.2.3] AndroidManifest.xml:31:17-139
110                android:value="com.google.firebase.components.ComponentRegistrar" />
110-->[com.google.android.gms:play-services-measurement-api:17.2.3] AndroidManifest.xml:32:17-82
111            <meta-data
111-->[com.google.firebase:firebase-iid:20.1.2] AndroidManifest.xml:32:13-34:85
112                android:name="com.google.firebase.components:com.google.firebase.iid.Registrar"
112-->[com.google.firebase:firebase-iid:20.1.2] AndroidManifest.xml:33:17-96
113                android:value="com.google.firebase.components.ComponentRegistrar" />
113-->[com.google.firebase:firebase-iid:20.1.2] AndroidManifest.xml:34:17-82
114            <meta-data
114-->[com.google.firebase:firebase-installations:16.1.0] AndroidManifest.xml:17:13-19:85
115                android:name="com.google.firebase.components:com.google.firebase.installations.FirebaseInstallationsRegistrar"
115-->[com.google.firebase:firebase-installations:16.1.0] AndroidManifest.xml:18:17-127
116                android:value="com.google.firebase.components.ComponentRegistrar" />
116-->[com.google.firebase:firebase-installations:16.1.0] AndroidManifest.xml:19:17-82
117        </service>
118        <service
118-->[com.google.android.datatransport:transport-backend-cct:2.2.0] AndroidManifest.xml:29:9-35:19
119            android:name="com.google.android.datatransport.runtime.backends.TransportBackendDiscovery"
119-->[com.google.android.datatransport:transport-backend-cct:2.2.0] AndroidManifest.xml:30:13-103
120            android:exported="false" >
120-->[com.google.android.datatransport:transport-backend-cct:2.2.0] AndroidManifest.xml:31:13-37
121            <meta-data
121-->[com.google.android.datatransport:transport-backend-cct:2.2.0] AndroidManifest.xml:32:13-34:39
122                android:name="backend:com.google.android.datatransport.cct.CctBackendFactory"
122-->[com.google.android.datatransport:transport-backend-cct:2.2.0] AndroidManifest.xml:33:17-94
123                android:value="cct" />
123-->[com.google.android.datatransport:transport-backend-cct:2.2.0] AndroidManifest.xml:34:17-36
124        </service>
125        <service
125-->[com.google.android.datatransport:transport-runtime:2.2.0] AndroidManifest.xml:26:9-30:19
126            android:name="com.google.android.datatransport.runtime.scheduling.jobscheduling.JobInfoSchedulerService"
126-->[com.google.android.datatransport:transport-runtime:2.2.0] AndroidManifest.xml:27:13-117
127            android:exported="false"
127-->[com.google.android.datatransport:transport-runtime:2.2.0] AndroidManifest.xml:28:13-37
128            android:permission="android.permission.BIND_JOB_SERVICE" >
128-->[com.google.android.datatransport:transport-runtime:2.2.0] AndroidManifest.xml:29:13-69
129        </service>
130
131        <receiver
131-->[com.google.android.datatransport:transport-runtime:2.2.0] AndroidManifest.xml:32:9-34:40
132            android:name="com.google.android.datatransport.runtime.scheduling.jobscheduling.AlarmManagerSchedulerBroadcastReceiver"
132-->[com.google.android.datatransport:transport-runtime:2.2.0] AndroidManifest.xml:33:13-132
133            android:exported="false" />
133-->[com.google.android.datatransport:transport-runtime:2.2.0] AndroidManifest.xml:34:13-37
134        <receiver
134-->[com.google.firebase:firebase-iid:20.1.2] AndroidManifest.xml:37:9-44:20
135            android:name="com.google.firebase.iid.FirebaseInstanceIdReceiver"
135-->[com.google.firebase:firebase-iid:20.1.2] AndroidManifest.xml:38:13-78
136            android:exported="true"
136-->[com.google.firebase:firebase-iid:20.1.2] AndroidManifest.xml:39:13-36
137            android:permission="com.google.android.c2dm.permission.SEND" >
137-->[com.google.firebase:firebase-iid:20.1.2] AndroidManifest.xml:40:13-73
138            <intent-filter>
138-->[com.google.firebase:firebase-iid:20.1.2] AndroidManifest.xml:41:13-43:29
139                <action android:name="com.google.android.c2dm.intent.RECEIVE" />
139-->[com.google.firebase:firebase-iid:20.1.2] AndroidManifest.xml:42:17-81
139-->[com.google.firebase:firebase-iid:20.1.2] AndroidManifest.xml:42:25-78
140            </intent-filter>
141        </receiver>
142
143        <provider
143-->[com.google.firebase:firebase-common:19.3.0] AndroidManifest.xml:26:9-30:39
144            android:name="com.google.firebase.provider.FirebaseInitProvider"
144-->[com.google.firebase:firebase-common:19.3.0] AndroidManifest.xml:27:13-77
145            android:authorities="com.awak.wekare.firebaseinitprovider"
145-->[com.google.firebase:firebase-common:19.3.0] AndroidManifest.xml:28:13-72
146            android:exported="false"
146-->[com.google.firebase:firebase-common:19.3.0] AndroidManifest.xml:29:13-37
147            android:initOrder="100" />
147-->[com.google.firebase:firebase-common:19.3.0] AndroidManifest.xml:30:13-36
148
149        <receiver
149-->[com.google.android.gms:play-services-measurement:17.2.3] AndroidManifest.xml:29:9-33:20
150            android:name="com.google.android.gms.measurement.AppMeasurementReceiver"
150-->[com.google.android.gms:play-services-measurement:17.2.3] AndroidManifest.xml:30:13-85
151            android:enabled="true"
151-->[com.google.android.gms:play-services-measurement:17.2.3] AndroidManifest.xml:31:13-35
152            android:exported="false" >
152-->[com.google.android.gms:play-services-measurement:17.2.3] AndroidManifest.xml:32:13-37
153        </receiver>
154        <receiver
154-->[com.google.android.gms:play-services-measurement:17.2.3] AndroidManifest.xml:34:9-42:20
155            android:name="com.google.android.gms.measurement.AppMeasurementInstallReferrerReceiver"
155-->[com.google.android.gms:play-services-measurement:17.2.3] AndroidManifest.xml:35:13-100
156            android:enabled="true"
156-->[com.google.android.gms:play-services-measurement:17.2.3] AndroidManifest.xml:36:13-35
157            android:exported="true"
157-->[com.google.android.gms:play-services-measurement:17.2.3] AndroidManifest.xml:37:13-36
158            android:permission="android.permission.INSTALL_PACKAGES" >
158-->[com.google.android.gms:play-services-measurement:17.2.3] AndroidManifest.xml:38:13-69
159            <intent-filter>
159-->[com.google.android.gms:play-services-measurement:17.2.3] AndroidManifest.xml:39:13-41:29
160                <action android:name="com.android.vending.INSTALL_REFERRER" />
160-->[com.google.android.gms:play-services-measurement:17.2.3] AndroidManifest.xml:40:17-79
160-->[com.google.android.gms:play-services-measurement:17.2.3] AndroidManifest.xml:40:25-76
161            </intent-filter>
162        </receiver>
163
164        <service
164-->[com.google.android.gms:play-services-measurement:17.2.3] AndroidManifest.xml:44:9-47:40
165            android:name="com.google.android.gms.measurement.AppMeasurementService"
165-->[com.google.android.gms:play-services-measurement:17.2.3] AndroidManifest.xml:45:13-84
166            android:enabled="true"
166-->[com.google.android.gms:play-services-measurement:17.2.3] AndroidManifest.xml:46:13-35
167            android:exported="false" />
167-->[com.google.android.gms:play-services-measurement:17.2.3] AndroidManifest.xml:47:13-37
168        <service
168-->[com.google.android.gms:play-services-measurement:17.2.3] AndroidManifest.xml:48:9-52:72
169            android:name="com.google.android.gms.measurement.AppMeasurementJobService"
169-->[com.google.android.gms:play-services-measurement:17.2.3] AndroidManifest.xml:49:13-87
170            android:enabled="true"
170-->[com.google.android.gms:play-services-measurement:17.2.3] AndroidManifest.xml:50:13-35
171            android:exported="false"
171-->[com.google.android.gms:play-services-measurement:17.2.3] AndroidManifest.xml:51:13-37
172            android:permission="android.permission.BIND_JOB_SERVICE" />
172-->[com.google.android.gms:play-services-measurement:17.2.3] AndroidManifest.xml:52:13-69
173
174        <activity
174-->[com.google.android.gms:play-services-base:17.0.0] AndroidManifest.xml:23:9-26:75
175            android:name="com.google.android.gms.common.api.GoogleApiActivity"
175-->[com.google.android.gms:play-services-base:17.0.0] AndroidManifest.xml:24:13-79
176            android:exported="false"
176-->[com.google.android.gms:play-services-base:17.0.0] AndroidManifest.xml:25:13-37
177            android:theme="@android:style/Theme.Translucent.NoTitleBar" />
177-->[com.google.android.gms:play-services-base:17.0.0] AndroidManifest.xml:26:13-72
178
179        <meta-data
179-->[com.google.android.gms:play-services-basement:17.0.0] AndroidManifest.xml:23:9-25:69
180            android:name="com.google.android.gms.version"
180-->[com.google.android.gms:play-services-basement:17.0.0] AndroidManifest.xml:24:13-58
181            android:value="@integer/google_play_services_version" />
181-->[com.google.android.gms:play-services-basement:17.0.0] AndroidManifest.xml:25:13-66
182    </application>
183
184</manifest>